{
  "RSpec": {
    "coverage": {
      "/home/maks/Mandarin/app/controllers/application_controller.rb": [
        1,
        1,
        null,
        1,
        1,
        null,
        1,
        2,
        0,
        null,
        null,
        null,
        1,
        null,
        1,
        3,
        null,
        null
      ],
      "/home/maks/Mandarin/app/helpers/application_helper.rb": [
        1,
        null
      ],
      "/home/maks/Mandarin/app/helpers/sessions_helper.rb": [
        1,
        null
      ],
      "/home/maks/Mandarin/app/helpers/users_helper.rb": [
        1,
        null
      ],
      "/home/maks/Mandarin/app/helpers/welcome_helper.rb": [
        1,
        null
      ],
      "/home/maks/Mandarin/app/controllers/sessions_controller.rb": [
        1,
        null,
        1,
        null,
        1,
        null,
        null,
        null,
        null,
        null,
        null,
        null,
        null,
        1,
        2,
        2,
        null,
        0,
        null,
        null,
        null,
        null,
        2,
        0,
        0,
        null,
        0,
        null,
        2,
        2,
        null,
        2,
        null,
        2,
        null,
        null,
        1,
        3,
        3,
        3,
        null,
        null,
        null
      ],
      "/home/maks/Mandarin/app/controllers/users_controller.rb": [
        1,
        null,
        1,
        null,
        1,
        0,
        null,
        null,
        1,
        0,
        null,
        null,
        1,
        0,
        0,
        0,
        null,
        null,
        null,
        1,
        0,
        0,
        0,
        null,
        0,
        null,
        null,
        null,
        1,
        0,
        null,
        null
      ],
      "/home/maks/Mandarin/app/models/user.rb": [
        1,
        1,
        1,
        1,
        null,
        1,
        1,
        1,
        1,
        1,
        1,
        null,
        1,
        0,
        0,
        0,
        null,
        null,
        null,
        null
      ],
      "/home/maks/Mandarin/app/controllers/welcome_controller.rb": [
        1,
        1,
        null,
        null
      ],
      "/home/maks/Mandarin/app/models/auth_user.rb": [
        1,
        1,
        1,
        1,
        null,
        null,
        1,
        1,
        1,
        1,
        1,
        null,
        0,
        0,
        null,
        null,
        null,
        null,
        null
      ],
      "/home/maks/Mandarin/app/models/authorization.rb": [
        1,
        1,
        1,
        null,
        1,
        null,
        3,
        null,
        null,
        null,
        null,
        1,
        3,
        3,
        null,
        null
      ]
    },
    "timestamp": 1364230908
  }
}
